#
# There is insufficient memory for the Java Runtime Environment to continue.
# Native memory allocation (malloc) failed to allocate 1048576 bytes for AllocateHeap
# Possible reasons:
#   The system is out of physical RAM or swap space
#   In 32 bit mode, the process size limit was hit
# Possible solutions:
#   Reduce memory load on the system
#   Increase physical memory or swap space
#   Check if swap backing store is full
#   Use 64 bit Java on a 64 bit OS
#   Decrease Java heap size (-Xmx/-Xms)
#   Decrease number of Java threads
#   Decrease Java thread stack sizes (-Xss)
#   Set larger code cache with -XX:ReservedCodeCacheSize=
# This output file may be truncated or incomplete.
#
#  Out of Memory Error (memory/allocation.inline.hpp:61), pid=868, tid=0x00000000000034f4
#
# JRE version:  (8.0) (build )
# Java VM: OpenJDK 64-Bit Server VM (25.71-b00 mixed mode windows-amd64 compressed oops)
# Failed to write core dump. Minidumps are not enabled by default on client versions of Windows
#

---------------  T H R E A D  ---------------

Current thread (0x000000000294e000):  JavaThread "Unknown thread" [_thread_in_vm, id=13556, stack(0x0000000002780000,0x0000000002880000)]

Stack: [0x0000000002780000,0x0000000002880000]
[error occurred during error reporting (printing stack bounds), id 0xc0000005]

Native frames: (J=compiled Java code, j=interpreted, Vv=VM code, C=native code)


---------------  P R O C E S S  ---------------

Java Threads: ( => current thread )

Other Threads:

=>0x000000000294e000 (exited) JavaThread "Unknown thread" [_thread_in_vm, id=13556, stack(0x0000000002780000,0x0000000002880000)]

VM state:not at safepoint (normal execution)

VM Mutex/Monitor currently owned by a thread: None

Heap:
 PSYoungGen      total 76288K, used 1310K [0x000000076b100000, 0x0000000770600000, 0x00000007c0000000)
  eden space 65536K, 2% used [0x000000076b100000,0x000000076b247af0,0x000000076f100000)
  from space 10752K, 0% used [0x000000076fb80000,0x000000076fb80000,0x0000000770600000)
  to   space 10752K, 0% used [0x000000076f100000,0x000000076f100000,0x000000076fb80000)
 ParOldGen       total 175104K, used 0K [0x00000006c1200000, 0x00000006cbd00000, 0x000000076b100000)
  object space 175104K, 0% used [0x00000006c1200000,0x00000006c1200000,0x00000006cbd00000)
 Metaspace       used 777K, capacity 4480K, committed 4480K, reserved 1056768K
  class space    used 74K, capacity 384K, committed 384K, reserved 1048576K

Card table byte_map: [0x0000000011e10000,0x0000000012610000] byte_map_base: 0x000000000e807000

Marking Bits: (ParMarkBitMap*) 0x000000005ddcbe50
 Begin Bits: [0x0000000013360000, 0x0000000017318000)
 End Bits:   [0x0000000017318000, 0x000000001b2d0000)

Polling page: 0x0000000000940000

CodeCache: size=245760Kb used=328Kb max_used=328Kb free=245431Kb
 bounds [0x0000000002a50000, 0x0000000002cc0000, 0x0000000011a50000]
 total_blobs=57 nmethods=0 adapters=38
 compilation: enabled

Compilation events (0 events):
No events

GC Heap History (0 events):
No events

Deoptimization events (0 events):
No events

Classes redefined (0 events):
No events

Internal exceptions (0 events):
No events

Events (10 events):
Event: 0.015 loading class java/lang/Short
Event: 0.016 loading class java/lang/Short done
Event: 0.016 loading class java/lang/Integer
Event: 0.016 loading class java/lang/Integer done
Event: 0.016 loading class java/lang/Long
Event: 0.016 loading class java/lang/Long done
Event: 0.016 loading class java/lang/NullPointerException
Event: 0.016 loading class java/lang/NullPointerException done
Event: 0.016 loading class java/lang/ArithmeticException
Event: 0.017 loading class java/lang/ArithmeticException done


Dynamic libraries:
0x00007ff6c51b0000 - 0x00007ff6c51e5000 	C:\Program Files\Unity\Hub\Editor\2018.3.0f2\Editor\Data\PlaybackEngines\AndroidPlayer\Tools\OpenJDK\Windows\bin\java.exe
0x00007ff88b060000 - 0x00007ff88b250000 	C:\WINDOWS\SYSTEM32\ntdll.dll
0x00007ff8893d0000 - 0x00007ff889482000 	C:\WINDOWS\System32\KERNEL32.DLL
0x00007ff888d60000 - 0x00007ff889003000 	C:\WINDOWS\System32\KERNELBASE.dll
0x00007ff88ae20000 - 0x00007ff88aec3000 	C:\WINDOWS\System32\ADVAPI32.dll
0x00007ff88a440000 - 0x00007ff88a4de000 	C:\WINDOWS\System32\msvcrt.dll
0x00007ff889110000 - 0x00007ff8891a7000 	C:\WINDOWS\System32\sechost.dll
0x00007ff88a2c0000 - 0x00007ff88a3e0000 	C:\WINDOWS\System32\RPCRT4.dll
0x00007ff889bc0000 - 0x00007ff889d54000 	C:\WINDOWS\System32\USER32.dll
0x00007ff888400000 - 0x00007ff888421000 	C:\WINDOWS\System32\win32u.dll
0x00007ff889490000 - 0x00007ff8894b6000 	C:\WINDOWS\System32\GDI32.dll
0x00007ff888090000 - 0x00007ff888224000 	C:\WINDOWS\System32\gdi32full.dll
0x00007ff887ff0000 - 0x00007ff88808e000 	C:\WINDOWS\System32\msvcp_win.dll
0x00007ff889010000 - 0x00007ff88910a000 	C:\WINDOWS\System32\ucrtbase.dll
0x00007ff87be30000 - 0x00007ff87c0b5000 	C:\WINDOWS\WinSxS\amd64_microsoft.windows.common-controls_6595b64144ccf1df_6.0.18362.778_none_e6c6b761130d4fb8\COMCTL32.dll
0x00007ff889f70000 - 0x00007ff88a2a6000 	C:\WINDOWS\System32\combase.dll
0x00007ff888ce0000 - 0x00007ff888d60000 	C:\WINDOWS\System32\bcryptPrimitives.dll
0x00007ff88aed0000 - 0x00007ff88aefe000 	C:\WINDOWS\System32\IMM32.DLL
0x000000005de50000 - 0x000000005df22000 	C:\Program Files\Unity\Hub\Editor\2018.3.0f2\Editor\Data\PlaybackEngines\AndroidPlayer\Tools\OpenJDK\Windows\jre\bin\msvcr100.dll
0x000000005d600000 - 0x000000005de49000 	C:\Program Files\Unity\Hub\Editor\2018.3.0f2\Editor\Data\PlaybackEngines\AndroidPlayer\Tools\OpenJDK\Windows\jre\bin\server\jvm.dll
0x00007ff8893c0000 - 0x00007ff8893c8000 	C:\WINDOWS\System32\PSAPI.DLL
0x00007ff884240000 - 0x00007ff88424a000 	C:\WINDOWS\SYSTEM32\VERSION.dll
0x00007ff87cdd0000 - 0x00007ff87cdd9000 	C:\WINDOWS\SYSTEM32\WSOCK32.dll
0x00007ff87d150000 - 0x00007ff87d174000 	C:\WINDOWS\SYSTEM32\WINMM.dll
0x00007ff88af00000 - 0x00007ff88af6f000 	C:\WINDOWS\System32\WS2_32.dll
0x00007ff87d0c0000 - 0x00007ff87d0ed000 	C:\WINDOWS\SYSTEM32\WINMMBASE.dll
0x00007ff888c90000 - 0x00007ff888cda000 	C:\WINDOWS\System32\cfgmgr32.dll
0x00007ff881a30000 - 0x00007ff881a3f000 	C:\Program Files\Unity\Hub\Editor\2018.3.0f2\Editor\Data\PlaybackEngines\AndroidPlayer\Tools\OpenJDK\Windows\jre\bin\verify.dll
0x00007ff87e830000 - 0x00007ff87e859000 	C:\Program Files\Unity\Hub\Editor\2018.3.0f2\Editor\Data\PlaybackEngines\AndroidPlayer\Tools\OpenJDK\Windows\jre\bin\java.dll
0x00007ff876460000 - 0x00007ff876476000 	C:\Program Files\Unity\Hub\Editor\2018.3.0f2\Editor\Data\PlaybackEngines\AndroidPlayer\Tools\OpenJDK\Windows\jre\bin\zip.dll

VM Arguments:
java_command: <unknown>
java_class_path (initial): .
Launcher Type: SUN_STANDARD

Environment Variables:
JAVA_HOME=C:\Program Files\Unity\Hub\Editor\2018.3.0f2\Editor\Data\PlaybackEngines\AndroidPlayer\Tools\OpenJDK\Windows
PATH=C:\Program Files\Haskell\bin;D:\8.6.5\lib\extralibs\bin;D:\8.6.5\bin;C:\Program Files (x86)\Common Files\Oracle\Java\javapath;C:\Windows\system32;C:\Windows;C:\Windows\System32\Wbem;C:\Windows\System32\WindowsPowerShell\v1.0\;C:\Windows\System32\OpenSSH\;C:\Program Files (x86)\NVIDIA Corporation\PhysX\Common;C:\Program Files\Git\cmd;C:\WINDOWS\system32;C:\WINDOWS;C:\WINDOWS\System32\Wbem;C:\WINDOWS\System32\WindowsPowerShell\v1.0\;C:\WINDOWS\System32\OpenSSH\;C:\Program Files\NVIDIA Corporation\NVIDIA NvDLISR;D:\8.6.5\mingw\bin;C:\Program Files\nodejs\;C:\Users\Gamer\AppData\Roaming\cabal\bin;D:\bin;C:\Users\Gamer\AppData\Local\Microsoft\WindowsApps;C:\Users\Gamer\AppData\Local\GitHubDesktop\bin;C:\Users\Gamer\AppData\Local\Microsoft\WindowsApps;F:\Microsoft VS Code\bin;C:\Users\Gamer\AppData\Roaming\npm
USERNAME=Gamer
OS=Windows_NT
PROCESSOR_IDENTIFIER=Intel64 Family 6 Model 60 Stepping 3, GenuineIntel



---------------  S Y S T E M  ---------------

OS: Windows 10.0 , 64 bit Build 18362 (10.0.18362.778)

CPU:total 8 (initial active 8) (4 cores per cpu, 2 threads per core) family 6 model 60 stepping 3, cmov, cx8, fxsr, mmx, sse, sse2, sse3, ssse3, sse4.1, sse4.2, popcnt, avx, avx2, aes, clmul, erms, lzcnt, ht, tsc, tscinvbit, bmi1, bmi2

Memory: 4k page, physical 16698792k(6012964k free), swap 40393636k(5896k free)

vm_info: OpenJDK 64-Bit Server VM (25.71-b00) for windows-amd64 JRE (1.8.0-adoptopenjdk-_2018_05_19_00_59-b00), built on May 19 2018 01:02:12 by "jenkins" with MS VC++ 10.0 (VS2010)

time: Fri May 01 10:23:50 2020
elapsed time: 0 seconds (0d 0h 0m 0s)

